Loading the ModusToolbox Technology Packs and Early Access Packs
Finished loading the ModusToolbox Technology Packs and Early Access Packs (7 ms)
Loading the tools information
Finished loading the tools information (52 ms)
From ModusToolbox Tools version 3.6.0.0 installed at C:/Users/Bram/ModusToolbox/tools_3.6, using
 airoc-tools version 5.0.1.207
 bsp-assistant version 1.50.0.2994
 bt-configurator version 3.40.0.3438
 capsense-configurator version 8.10.0.10250
 cymcuelftool version 1.0.0.62
 dashboard version 3.6.0.359
 device-configurator version 5.50.0.3824
 dfuh-tool version 2.80.0.3052
 ez-pd-configurator version 2.20.0.2476
 hardware-config-server version 1.5.0.2199
 lcs-manager-cli version 1.40.0.363
 library-manager version 2.50.0.4625
 lin-configurator version 1.70.0.2417
 make version 2.6.0.7491
 modus-shell version 1.5.0.123
 mtb-settings version 1.10.0.294
 mtbarchive version 1.6.0.4288
 mtbgetlibs version 1.6.0.4288
 mtbideexport version 1.5.0.363
 mtblaunch version 1.6.0.4288
 mtbninja version 1.6.0.4288
 mtbquery version 1.6.0.4288
 mtbsearch version 1.6.0.4288
 ninja version 1.12.1
 project-creator version 2.50.0.5207
 proxy-helper version 1.80.0.452
 qspi-configurator version 4.60.0.2742
 seglcd-configurator version 1.90.0.2302
 signcombinemkgen version 1.2.0.363
 smartio-configurator version 4.50.0.1883
 srecord version 1.64.0.15
 usbdev-configurator version 3.0.0.2377
Loading the manifest data
Online Content mode has been enabled by default.
Loading super manfiest files from all sources
Getting manifests from remote and/or local sources
Processing system manifest 'https://modustoolbox.infineon.com/manifests/mtb-super-manifest/v2.X/mtb-super-manifest-fv2.xml'
Downloading super manifest file 'https://modustoolbox.infineon.com/manifests/mtb-super-manifest/v2.X/mtb-super-manifest-fv2.xml'
Finished loading super manifest files from all sources
Finished download of file 'https://modustoolbox.infineon.com/manifests/mtb-super-manifest/v2.X/mtb-super-manifest-fv2.xml'
Starting to parse super manifest with URL 'https://modustoolbox.infineon.com/manifests/mtb-super-manifest/v2.X/mtb-super-manifest-fv2.xml'
Finished parsing super manifest with URL 'https://modustoolbox.infineon.com/manifests/mtb-super-manifest/v2.X/mtb-super-manifest-fv2.xml'
Downloading manifest file 'https://github.com/Infineon/mtb-ce-manifest/raw/v2.X/mtb-ce-manifest.xml'
Downloading manifest file 'https://github.com/Infineon/mtb-ce-manifest/raw/v2.X/mtb-ce-manifest-fv2.xml'
Downloading manifest file 'https://github.com/Infineon/mtb-t2g-ce-manifest/raw/main/mtb-ce-manifest-fv2.xml'
Downloading manifest file 'https://github.com/Infineon/mtb-bt-app-manifest/raw/v2.X/mtb-bt-app-manifest.xml'
Downloading manifest file 'https://github.com/Infineon/mtb-bt-app-manifest/raw/v2.X/mtb-bt-app-manifest-fv2.xml'
Downloading manifest file 'https://github.com/Infineon/cce-app-manifest/raw/v2.X/cce-app-manifest-fv2.xml'
Downloading manifest file 'https://github.com/Altia-Marketing/altia-ce-manifest/raw/main/altia-ce-manifest-fv2.xml'
Downloading manifest file 'https://github.com/avnet-iotconnect/avnet-iotc-mtb-ce-manifest/raw/main/avnet-iotc-mtb-ce-manifest-fv2.xml'
Downloading manifest file 'https://github.com/CyberonEBU/cyberon-mtb-ce-manifest/raw/main/cyberon-mtb-ce-manifest-fv2.xml'
Downloading manifest file 'https://github.com/golioth/mtb-golioth-ce-manifest/raw/main/mtb-golioth-ce-manifest-fv2.xml'
Downloading manifest file 'https://github.com/rtlabs-com/mtb-rtlabs-manifest/raw/main/mtb-ce-manifest-fv2-rtlabs.xml'
Downloading manifest file 'https://github.com/RutronikSystemSolutions/rutronik-ce-manifest/raw/main/rutronik-ce-manifest-fv2.xml'
Downloading manifest file 'https://github.com/Infineon/mtb-bsp-manifest/raw/v2.X/mtb-bsp-manifest.xml'
Downloading manifest file 'https://github.com/Infineon/mtb-bsp-manifest/raw/v2.X/mtb-bsp-capabilities-manifest.json'
Downloading manifest file 'https://github.com/Infineon/mtb-bsp-manifest/raw/v2.X/mtb-bsp-manifest-fv2.xml'
Downloading manifest file 'https://github.com/Infineon/mtb-bsp-manifest/raw/v2.X/mtb-bsp-dependencies-manifest.xml'
Downloading manifest file 'https://github.com/Infineon/mtb-bt-bsp-manifest/raw/v2.X/mtb-bt-bsp-manifest.xml'
Downloading manifest file 'https://github.com/Infineon/mtb-bt-bsp-manifest/raw/v2.X/mtb-bt-bsp-manifest-fv2.xml'
Downloading manifest file 'https://github.com/Infineon/mtb-bt-bsp-manifest/raw/v2.X/mtb-bt-bsp-dependencies-manifest.xml'
Downloading manifest file 'https://github.com/Inventek/inventek-bsp-manifest/raw/main/inventek-bsp-manifest-fv2.xml'
Downloading manifest file 'https://github.com/Inventek/inventek-bsp-manifest/raw/main/inventek-bsp-dependencies-manifest.xml'
Downloading manifest file 'https://github.com/RutronikSystemSolutions/rutronik-bsp-manifest/raw/main/rutronik-bsp-manifest-fv2.xml'
Downloading manifest file 'https://github.com/RutronikSystemSolutions/rutronik-bsp-manifest/raw/main/rutronik-bsp-dependencies-manifest.xml'
Downloading manifest file 'https://github.com/Infineon/mtb-mw-manifest/raw/v2.X/mtb-mw-manifest.xml'
Downloading manifest file 'https://github.com/Infineon/mtb-mw-manifest/raw/v2.X/mtb-mw-manifest-fv2.xml'
Downloading manifest file 'https://github.com/Infineon/mtb-mw-manifest/raw/v2.X/mtb-mw-dependencies-manifest.xml'
Downloading manifest file 'https://github.com/Infineon/mtb-t2g-mw-manifest/raw/main/mtb-t2g-mw-manifest-fv2.xml'
Downloading manifest file 'https://github.com/Infineon/mtb-t2g-mw-manifest/raw/main/mtb-t2g-mw-dependencies-manifest.xml'
Downloading manifest file 'https://github.com/Infineon/mtb-bt-mw-manifest/raw/v2.X/mtb-bt-mw-manifest.xml'
Downloading manifest file 'https://github.com/Infineon/mtb-bt-mw-manifest/raw/v2.X/mtb-bt-mw-manifest-fv2.xml'
Downloading manifest file 'https://github.com/Infineon/mtb-bt-mw-manifest/raw/v2.X/mtb-bt-mw-dependencies-manifest.xml'
Downloading manifest file 'https://github.com/Infineon/mtb-wifi-mw-manifest/raw/v2.X/mtb-wifi-mw-manifest.xml'
Downloading manifest file 'https://github.com/Infineon/mtb-wifi-mw-manifest/raw/v2.X/mtb-wifi-mw-manifest-fv2.xml'
Downloading manifest file 'https://github.com/Infineon/mtb-wifi-mw-manifest/raw/v2.X/mtb-wifi-mw-dependencies-manifest.xml'
Downloading manifest file 'https://github.com/avnet-iotconnect/avnet-iotc-mtb-mw-manifest/raw/main/avnet-iotc-mtb-mw-manifest-fv2.xml'
Downloading manifest file 'https://github.com/CyberonEBU/cyberon-mtb-mw-manifest/raw/main/cyberon-mtb-mw-manifest-fv2.xml'
Downloading manifest file 'https://github.com/golioth/mtb-golioth-mw-manifest/raw/main/mtb-golioth-mw-manifest-fv2.xml'
Downloading manifest file 'https://github.com/rtlabs-com/mtb-rtlabs-manifest/raw/main/rtlabs-mtb-mw-manifest-fw2-rtlabs.xml'
Finished download of file 'https://github.com/Infineon/mtb-ce-manifest/raw/v2.X/mtb-ce-manifest.xml'
Finished download of file 'https://github.com/Infineon/mtb-ce-manifest/raw/v2.X/mtb-ce-manifest-fv2.xml'
Finished download of file 'https://github.com/Infineon/mtb-t2g-ce-manifest/raw/main/mtb-ce-manifest-fv2.xml'
Finished download of file 'https://github.com/Infineon/mtb-bt-app-manifest/raw/v2.X/mtb-bt-app-manifest.xml'
Finished download of file 'https://github.com/Infineon/mtb-bt-app-manifest/raw/v2.X/mtb-bt-app-manifest-fv2.xml'
Finished download of file 'https://github.com/Infineon/cce-app-manifest/raw/v2.X/cce-app-manifest-fv2.xml'
Finished download of file 'https://github.com/Altia-Marketing/altia-ce-manifest/raw/main/altia-ce-manifest-fv2.xml'
Finished download of file 'https://github.com/avnet-iotconnect/avnet-iotc-mtb-ce-manifest/raw/main/avnet-iotc-mtb-ce-manifest-fv2.xml'
Finished download of file 'https://github.com/CyberonEBU/cyberon-mtb-ce-manifest/raw/main/cyberon-mtb-ce-manifest-fv2.xml'
Finished download of file 'https://github.com/golioth/mtb-golioth-ce-manifest/raw/main/mtb-golioth-ce-manifest-fv2.xml'
Finished download of file 'https://github.com/rtlabs-com/mtb-rtlabs-manifest/raw/main/mtb-ce-manifest-fv2-rtlabs.xml'
Finished download of file 'https://github.com/RutronikSystemSolutions/rutronik-ce-manifest/raw/main/rutronik-ce-manifest-fv2.xml'
Finished download of file 'https://github.com/Infineon/mtb-bsp-manifest/raw/v2.X/mtb-bsp-manifest.xml'
Finished download of file 'https://github.com/Infineon/mtb-bsp-manifest/raw/v2.X/mtb-bsp-capabilities-manifest.json'
Finished download of file 'https://github.com/Infineon/mtb-bsp-manifest/raw/v2.X/mtb-bsp-manifest-fv2.xml'
Finished download of file 'https://github.com/Infineon/mtb-bsp-manifest/raw/v2.X/mtb-bsp-dependencies-manifest.xml'
Finished download of file 'https://github.com/Infineon/mtb-bt-bsp-manifest/raw/v2.X/mtb-bt-bsp-manifest.xml'
Finished download of file 'https://github.com/Infineon/mtb-bt-bsp-manifest/raw/v2.X/mtb-bt-bsp-manifest-fv2.xml'
Finished download of file 'https://github.com/Infineon/mtb-bt-bsp-manifest/raw/v2.X/mtb-bt-bsp-dependencies-manifest.xml'
Finished download of file 'https://github.com/Inventek/inventek-bsp-manifest/raw/main/inventek-bsp-manifest-fv2.xml'
Finished download of file 'https://github.com/Inventek/inventek-bsp-manifest/raw/main/inventek-bsp-dependencies-manifest.xml'
Finished download of file 'https://github.com/RutronikSystemSolutions/rutronik-bsp-manifest/raw/main/rutronik-bsp-manifest-fv2.xml'
Finished download of file 'https://github.com/RutronikSystemSolutions/rutronik-bsp-manifest/raw/main/rutronik-bsp-dependencies-manifest.xml'
Finished download of file 'https://github.com/Infineon/mtb-mw-manifest/raw/v2.X/mtb-mw-manifest.xml'
Finished download of file 'https://github.com/Infineon/mtb-mw-manifest/raw/v2.X/mtb-mw-manifest-fv2.xml'
Finished download of file 'https://github.com/Infineon/mtb-mw-manifest/raw/v2.X/mtb-mw-dependencies-manifest.xml'
Finished download of file 'https://github.com/Infineon/mtb-t2g-mw-manifest/raw/main/mtb-t2g-mw-manifest-fv2.xml'
Finished download of file 'https://github.com/Infineon/mtb-t2g-mw-manifest/raw/main/mtb-t2g-mw-dependencies-manifest.xml'
Finished download of file 'https://github.com/Infineon/mtb-bt-mw-manifest/raw/v2.X/mtb-bt-mw-manifest.xml'
Finished download of file 'https://github.com/Infineon/mtb-bt-mw-manifest/raw/v2.X/mtb-bt-mw-manifest-fv2.xml'
Finished download of file 'https://github.com/Infineon/mtb-bt-mw-manifest/raw/v2.X/mtb-bt-mw-dependencies-manifest.xml'
Finished download of file 'https://github.com/Infineon/mtb-wifi-mw-manifest/raw/v2.X/mtb-wifi-mw-manifest.xml'
Finished download of file 'https://github.com/Infineon/mtb-wifi-mw-manifest/raw/v2.X/mtb-wifi-mw-manifest-fv2.xml'
Finished download of file 'https://github.com/Infineon/mtb-wifi-mw-manifest/raw/v2.X/mtb-wifi-mw-dependencies-manifest.xml'
Finished download of file 'https://github.com/avnet-iotconnect/avnet-iotc-mtb-mw-manifest/raw/main/avnet-iotc-mtb-mw-manifest-fv2.xml'
Finished download of file 'https://github.com/CyberonEBU/cyberon-mtb-mw-manifest/raw/main/cyberon-mtb-mw-manifest-fv2.xml'
Finished download of file 'https://github.com/golioth/mtb-golioth-mw-manifest/raw/main/mtb-golioth-mw-manifest-fv2.xml'
Finished download of file 'https://github.com/rtlabs-com/mtb-rtlabs-manifest/raw/main/rtlabs-mtb-mw-manifest-fw2-rtlabs.xml'
Finished loading the manifest data (9715 ms)
No SDK-based filtering is applied to the manifest database contents.
0 error(s), 0 warning(s)

Summary: 

BSP: CY8CKIT-062-WIFI-BT
Template Application(s): Empty App
Application(s) Root Path: C:/Embedded_AlleOefeningen_PSOC6/ModToolBox_AlleOefeningen

Press "Create" to create the selected application(s).

Collecting application data...

Info: The following entered on the command line will create the exact same project as that created with the GUI tool:
C:/Users/Bram/ModusToolbox/tools_3.6/project-creator/project-creator-cli.exe --board-id CY8CKIT-062-WIFI-BT --board-uri https://github.com/cypresssemiconductorco/TARGET_CY8CKIT-062-WIFI-BT --board-commit latest-v5.X --app-id mtb-example-empty-app --app-uri https://github.com/Infineon/mtb-example-empty-app --app-commit latest-v4.X --target-dir C:/Embedded_AlleOefeningen_PSOC6/ModToolBox_AlleOefeningen --user-app-name SmartDev_ex4_SmartSensor --use-modus-shell
Starting application creation for 'C:/Embedded_AlleOefeningen_PSOC6/ModToolBox_AlleOefeningen/SmartDev_ex4_SmartSensor'.
Acquiring the application source 'https://github.com/Infineon/mtb-example-empty-app'.
Git#0>Cloning into 'SmartDev_ex4_SmartSensor'...
Git#0>remote: Enumerating objects: 44, done.        
Git#0>remote: Counting objects:   3% (1/29)        
Git#0>remote: Counting objects:   6% (2/29)        
Git#0>remote: Counting objects:  10% (3/29)        
Git#0>remote: Counting objects:  13% (4/29)        
Git#0>remote: Counting objects:  17% (5/29)        
Git#0>remote: Counting objects:  20% (6/29)        
Git#0>remote: Counting objects:  24% (7/29)        
Git#0>remote: Counting objects:  27% (8/29)        
Git#0>remote: Counting objects:  31% (9/29)        
Git#0>remote: Counting objects:  34% (10/29)        
Git#0>remote: Counting objects:  37% (11/29)        
Git#0>remote: Counting objects:  41% (12/29)        
Git#0>remote: Counting objects:  44% (13/29)        
Git#0>remote: Counting objects:  48% (14/29)        
Git#0>remote: Counting objects:  51% (15/29)        
Git#0>remote: Counting objects:  55% (16/29)        
Git#0>remote: Counting objects:  58% (17/29)        
Git#0>remote: Counting objects:  62% (18/29)        
Git#0>remote: Counting objects:  65% (19/29)        
Git#0>remote: Counting objects:  68% (20/29)        
Git#0>remote: Counting objects:  72% (21/29)        
Git#0>remote: Counting objects:  75% (22/29)        
Git#0>remote: Counting objects:  79% (23/29)        
Git#0>remote: Counting objects:  82% (24/29)        
Git#0>remote: Counting objects:  86% (25/29)        
Git#0>remote: Counting objects:  89% (26/29)        
Git#0>remote: Counting objects:  93% (27/29)        
Git#0>remote: Counting objects:  96% (28/29)        
Git#0>remote: Counting objects: 100% (29/29)        
Git#0>remote: Counting objects: 100% (29/29), done.        
Git#0>remote: Compressing objects:   4% (1/24)        
Git#0>remote: Compressing objects:   8% (2/24)        
Git#0>remote: Compressing objects:  12% (3/24)        
Git#0>remote: Compressing objects:  16% (4/24)        
Git#0>remote: Compressing objects:  20% (5/24)        
Git#0>remote: Compressing objects:  25% (6/24)        
Git#0>remote: Compressing objects:  29% (7/24)        
Git#0>remote: Compressing objects:  33% (8/24)        
Git#0>remote: Compressing objects:  37% (9/24)        
Git#0>remote: Compressing objects:  41% (10/24)        
Git#0>remote: Compressing objects:  45% (11/24)        
Git#0>remote: Compressing objects:  50% (12/24)        
Git#0>remote: Compressing objects:  54% (13/24)        
Git#0>remote: Compressing objects:  58% (14/24)        
Git#0>remote: Compressing objects:  62% (15/24)        
Git#0>remote: Compressing objects:  66% (16/24)        
Git#0>remote: Compressing objects:  70% (17/24)        
Git#0>remote: Compressing objects:  75% (18/24)        
Git#0>remote: Compressing objects:  79% (19/24)        
Git#0>remote: Compressing objects:  83% (20/24)        
Git#0>remote: Compressing objects:  87% (21/24)        
Git#0>remote: Compressing objects:  91% (22/24)        
Git#0>remote: Compressing objects:  95% (23/24)        
Git#0>remote: Compressing objects: 100% (24/24)        
Git#0>remote: Compressing objects: 100% (24/24), done.        
Git#0>remote: Total 44 (delta 10), reused 22 (delta 5), pack-reused 15 (from 1)        
Git#0>Receiving objects:   2% (1/44)
Git#0>Receiving objects:   4% (2/44)
Git#0>Receiving objects:   6% (3/44)
Git#0>Receiving objects:   9% (4/44)
Git#0>Receiving objects:  11% (5/44)
Git#0>Receiving objects:  13% (6/44)
Git#0>Receiving objects:  15% (7/44)
Git#0>Receiving objects:  18% (8/44)
Git#0>Receiving objects:  20% (9/44)
Git#0>Receiving objects:  22% (10/44)
Git#0>Receiving objects:  25% (11/44)
Git#0>Receiving objects:  27% (12/44)
Git#0>Receiving objects:  29% (13/44)
Git#0>Receiving objects:  31% (14/44)
Git#0>Receiving objects:  34% (15/44)
Git#0>Receiving objects:  36% (16/44)
Git#0>Receiving objects:  38% (17/44)
Git#0>Receiving objects:  40% (18/44)
Git#0>Receiving objects:  43% (19/44)
Git#0>Receiving objects:  45% (20/44)
Git#0>Receiving objects:  47% (21/44)
Git#0>Receiving objects:  50% (22/44)
Git#0>Receiving objects:  52% (23/44)
Git#0>Receiving objects:  54% (24/44)
Git#0>Receiving objects:  56% (25/44)
Git#0>Receiving objects:  59% (26/44)
Git#0>Receiving objects:  61% (27/44)
Git#0>Receiving objects:  63% (28/44)
Git#0>Receiving objects:  65% (29/44)
Git#0>Receiving objects:  68% (30/44)
Git#0>Receiving objects:  70% (31/44)
Git#0>Receiving objects:  72% (32/44)
Git#0>Receiving objects:  75% (33/44)
Git#0>Receiving objects:  77% (34/44)
Git#0>Receiving objects:  79% (35/44)
Git#0>Receiving objects:  81% (36/44)
Git#0>Receiving objects:  84% (37/44)
Git#0>Receiving objects:  86% (38/44)
Git#0>Receiving objects:  88% (39/44)
Git#0>Receiving objects:  90% (40/44)
Git#0>Receiving objects:  93% (41/44)
Git#0>Receiving objects:  95% (42/44)
Git#0>Receiving objects:  97% (43/44)
Git#0>Receiving objects: 100% (44/44)
Git#0>Receiving objects: 100% (44/44), 6.48 KiB | 1.62 MiB/s, done.
Git#0>Resolving deltas:   0% (0/11)
Git#0>Resolving deltas:   9% (1/11)
Git#0>Resolving deltas:  18% (2/11)
Git#0>Resolving deltas:  27% (3/11)
Git#0>Resolving deltas:  36% (4/11)
Git#0>Resolving deltas:  45% (5/11)
Git#0>Resolving deltas:  54% (6/11)
Git#0>Resolving deltas:  63% (7/11)
Git#0>Resolving deltas:  72% (8/11)
Git#0>Resolving deltas:  81% (9/11)
Git#0>Resolving deltas:  90% (10/11)
Git#0>Resolving deltas: 100% (11/11)
Git#0>Resolving deltas: 100% (11/11), done.
Git#1>HEAD is now at 36b22d4 Upload mtb-example-empty-app [2792]
Acquired application source successfully.
Loading the application.
Loaded the application successfully.
Processing project 'SmartDev_ex4_SmartSensor'.
Starting to commit changes to the filesystem and project 'mtb-example-empty-app'.
Writing mtb file for asset 'CY8CKIT-062-WIFI-BT' to the folder 'C:/Embedded_AlleOefeningen_PSOC6/ModToolBox_AlleOefeningen/SmartDev_ex4_SmartSensor/deps'.
Writing mtb file for asset 'cat1cm0p' to the folder 'C:/Embedded_AlleOefeningen_PSOC6/ModToolBox_AlleOefeningen/SmartDev_ex4_SmartSensor/libs'.
Writing mtb file for asset 'core-lib' to the folder 'C:/Embedded_AlleOefeningen_PSOC6/ModToolBox_AlleOefeningen/SmartDev_ex4_SmartSensor/libs'.
Writing mtb file for asset 'core-make' to the folder 'C:/Embedded_AlleOefeningen_PSOC6/ModToolBox_AlleOefeningen/SmartDev_ex4_SmartSensor/libs'.
Writing mtb file for asset 'mtb-hal-cat1' to the folder 'C:/Embedded_AlleOefeningen_PSOC6/ModToolBox_AlleOefeningen/SmartDev_ex4_SmartSensor/libs'.
Writing mtb file for asset 'mtb-pdl-cat1' to the folder 'C:/Embedded_AlleOefeningen_PSOC6/ModToolBox_AlleOefeningen/SmartDev_ex4_SmartSensor/libs'.
Writing mtb file for asset 'recipe-make-cat1a' to the folder 'C:/Embedded_AlleOefeningen_PSOC6/ModToolBox_AlleOefeningen/SmartDev_ex4_SmartSensor/libs'.
Writing mtb file for asset 'udb-sdio-whd' to the folder 'C:/Embedded_AlleOefeningen_PSOC6/ModToolBox_AlleOefeningen/SmartDev_ex4_SmartSensor/libs'.
Writing mtb file for asset 'bt-fw-mur-cyw4343w' to the folder 'C:/Embedded_AlleOefeningen_PSOC6/ModToolBox_AlleOefeningen/SmartDev_ex4_SmartSensor/libs'.
Writing mtb file for asset 'cmsis' to the folder 'C:/Embedded_AlleOefeningen_PSOC6/ModToolBox_AlleOefeningen/SmartDev_ex4_SmartSensor/libs'.
Writing mtb file for asset 'device-db' to the folder 'C:/Embedded_AlleOefeningen_PSOC6/ModToolBox_AlleOefeningen/SmartDev_ex4_SmartSensor/libs'.
Git#2>Starting: git -C C:/Embedded_AlleOefeningen_PSOC6/ModToolBox_AlleOefeningen/SmartDev_ex4_SmartSensor/libs clone --progress --origin cypress --no-checkout --filter=blob:none https://github.com/cypresssemiconductorco/TARGET_CY8CKIT-062-WIFI-BT TARGET_CY8CKIT-062-WIFI-BT
Git#3>Starting: git -C C:/Embedded_AlleOefeningen_PSOC6/ModToolBox_AlleOefeningen/mtb_shared/cat1cm0p/release-v1.9.0 -c advice.detachedHead=false checkout --progress release-v1.9.0
Git#4>Starting: git -C C:/Embedded_AlleOefeningen_PSOC6/ModToolBox_AlleOefeningen/mtb_shared/core-lib/release-v1.6.0 -c advice.detachedHead=false checkout --progress release-v1.6.0
Git#5>Starting: git -C C:/Embedded_AlleOefeningen_PSOC6/ModToolBox_AlleOefeningen/mtb_shared/core-make clone --progress --origin cypress --no-checkout --filter=blob:none https://github.com/cypresssemiconductorco/core-make release-v3.8.0
Git#2>Cloning into 'TARGET_CY8CKIT-062-WIFI-BT'...
Git#5>Cloning into 'release-v3.8.0'...
Git#2>remote: Enumerating objects: 197, done.        
Git#2>remote: Counting objects:   1% (1/68)        
Git#2>remote: Counting objects:   2% (2/68)        
Git#2>remote: Counting objects:   4% (3/68)        
Git#2>remote: Counting objects:   5% (4/68)        
Git#2>remote: Counting objects:   7% (5/68)        
Git#2>remote: Counting objects:   8% (6/68)        
Git#2>remote: Counting objects:  10% (7/68)        
Git#2>remote: Counting objects:  11% (8/68)        
Git#2>remote: Counting objects:  13% (9/68)        
Git#2>remote: Counting objects:  14% (10/68)        
Git#2>remote: Counting objects:  16% (11/68)        
Git#2>remote: Counting objects:  17% (12/68)        
Git#2>remote: Counting objects:  19% (13/68)        
Git#2>remote: Counting objects:  20% (14/68)        
Git#2>remote: Counting objects:  22% (15/68)        
Git#2>remote: Counting objects:  23% (16/68)        
Git#2>remote: Counting objects:  25% (17/68)        
Git#2>remote: Counting objects:  26% (18/68)        
Git#2>remote: Counting objects:  27% (19/68)        
Git#2>remote: Counting objects:  29% (20/68)        
Git#2>remote: Counting objects:  30% (21/68)        
Git#2>remote: Counting objects:  32% (22/68)        
Git#2>remote: Counting objects:  33% (23/68)        
Git#2>remote: Counting objects:  35% (24/68)        
Git#2>remote: Counting objects:  36% (25/68)        
Git#2>remote: Counting objects:  38% (26/68)        
Git#2>remote: Counting objects:  39% (27/68)        
Git#2>remote: Counting objects:  41% (28/68)        
Git#2>remote: Counting objects:  42% (29/68)        
Git#2>remote: Counting objects:  44% (30/68)        
Git#2>remote: Counting objects:  45% (31/68)        
Git#2>remote: Counting objects:  47% (32/68)        
Git#2>remote: Counting objects:  48% (33/68)        
Git#2>remote: Counting objects:  50% (34/68)        
Git#2>remote: Counting objects:  51% (35/68)        
Git#2>remote: Counting objects:  52% (36/68)        
Git#2>remote: Counting objects:  54% (37/68)        
Git#2>remote: Counting objects:  55% (38/68)        
Git#2>remote: Counting objects:  57% (39/68)        
Git#2>remote: Counting objects:  58% (40/68)        
Git#2>remote: Counting objects:  60% (41/68)        
Git#2>remote: Counting objects:  61% (42/68)        
Git#2>remote: Counting objects:  63% (43/68)        
Git#2>remote: Counting objects:  64% (44/68)        
Git#2>remote: Counting objects:  66% (45/68)        
Git#2>remote: Counting objects:  67% (46/68)        
Git#2>remote: Counting objects:  69% (47/68)        
Git#2>remote: Counting objects:  70% (48/68)        
Git#2>remote: Counting objects:  72% (49/68)        
Git#2>remote: Counting objects:  73% (50/68)        
Git#2>remote: Counting objects:  75% (51/68)        
Git#2>remote: Counting objects:  76% (52/68)        
Git#2>remote: Counting objects:  77% (53/68)        
Git#2>remote: Counting objects:  79% (54/68)        
Git#2>remote: Counting objects:  80% (55/68)        
Git#2>remote: Counting objects:  82% (56/68)        
Git#2>remote: Counting objects:  83% (57/68)        
Git#2>remote: Counting objects:  85% (58/68)        
Git#2>remote: Counting objects:  86% (59/68)        
Git#2>remote: Counting objects:  88% (60/68)        
Git#2>remote: Counting objects:  89% (61/68)        
Git#2>remote: Counting objects:  91% (62/68)        
Git#2>remote: Counting objects:  92% (63/68)        
Git#2>remote: Counting objects:  94% (64/68)        
Git#2>remote: Counting objects:  95% (65/68)        
Git#2>remote: Counting objects:  97% (66/68)        
Git#2>remote: Counting objects:  98% (67/68)        
Git#2>remote: Counting objects: 100% (68/68)        
Git#2>remote: Counting objects: 100% (68/68), done.        
Git#2>remote: Compressing objects:   1% (1/54)        
Git#2>remote: Compressing objects:   3% (2/54)        
Git#2>remote: Compressing objects:   5% (3/54)        
Git#2>remote: Compressing objects:   7% (4/54)        
Git#2>remote: Compressing objects:   9% (5/54)        
Git#2>remote: Compressing objects:  11% (6/54)        
Git#2>remote: Compressing objects:  12% (7/54)        
Git#2>remote: Compressing objects:  14% (8/54)        
Git#2>remote: Compressing objects:  16% (9/54)        
Git#2>remote: Compressing objects:  18% (10/54)        
Git#2>remote: Compressing objects:  20% (11/54)        
Git#2>remote: Compressing objects:  22% (12/54)        
Git#2>remote: Compressing objects:  24% (13/54)        
Git#2>remote: Compressing objects:  25% (14/54)        
Git#2>remote: Compressing objects:  27% (15/54)        
Git#2>remote: Compressing objects:  29% (16/54)        
Git#2>remote: Compressing objects:  31% (17/54)        
Git#2>remote: Compressing objects:  33% (18/54)        
Git#2>remote: Compressing objects:  35% (19/54)        
Git#2>remote: Compressing objects:  37% (20/54)        
Git#2>remote: Compressing objects:  38% (21/54)        
Git#2>remote: Compressing objects:  40% (22/54)        
Git#2>remote: Compressing objects:  42% (23/54)        
Git#2>remote: Compressing objects:  44% (24/54)        
Git#2>remote: Compressing objects:  46% (25/54)        
Git#2>remote: Compressing objects:  48% (26/54)        
Git#2>remote: Compressing objects:  50% (27/54)        
Git#2>remote: Compressing objects:  51% (28/54)        
Git#2>remote: Compressing objects:  53% (29/54)        
Git#2>remote: Compressing objects:  55% (30/54)        
Git#2>remote: Compressing objects:  57% (31/54)        
Git#2>remote: Compressing objects:  59% (32/54)        
Git#2>remote: Compressing objects:  61% (33/54)        
Git#2>remote: Compressing objects:  62% (34/54)        
Git#2>remote: Compressing objects:  64% (35/54)        
Git#2>remote: Compressing objects:  66% (36/54)        
Git#2>remote: Compressing objects:  68% (37/54)        
Git#2>remote: Compressing objects:  70% (38/54)        
Git#2>remote: Compressing objects:  72% (39/54)        
Git#2>remote: Compressing objects:  74% (40/54)        
Git#2>remote: Compressing objects:  75% (41/54)        
Git#2>remote: Compressing objects:  77% (42/54)        
Git#2>remote: Compressing objects:  79% (43/54)        
Git#2>remote: Compressing objects:  81% (44/54)        
Git#2>remote: Compressing objects:  83% (45/54)        
Git#2>remote: Compressing objects:  85% (46/54)        
Git#2>remote: Compressing objects:  87% (47/54)        
Git#2>remote: Compressing objects:  88% (48/54)        
Git#2>remote: Compressing objects:  90% (49/54)        
Git#2>remote: Compressing objects:  92% (50/54)        
Git#2>remote: Compressing objects:  94% (51/54)        
Git#2>remote: Compressing objects:  96% (52/54)        
Git#2>remote: Compressing objects:  98% (53/54)        
Git#2>remote: Compressing objects: 100% (54/54)        
Git#2>remote: Compressing objects: 100% (54/54), done.        
Git#2>Receiving objects:   0% (1/197)
Git#2>Receiving objects:   1% (2/197)
Git#2>Receiving objects:   2% (4/197)
Git#2>Receiving objects:   3% (6/197)
Git#2>Receiving objects:   4% (8/197)
Git#2>Receiving objects:   5% (10/197)
Git#2>Receiving objects:   6% (12/197)
Git#2>Receiving objects:   7% (14/197)
Git#2>Receiving objects:   8% (16/197)
Git#2>Receiving objects:   9% (18/197)
Git#2>Receiving objects:  10% (20/197)
Git#2>Receiving objects:  11% (22/197)
Git#2>Receiving objects:  12% (24/197)
Git#2>Receiving objects:  13% (26/197)
Git#2>Receiving objects:  14% (28/197)
Git#2>Receiving objects:  15% (30/197)
Git#2>Receiving objects:  16% (32/197)
Git#2>Receiving objects:  17% (34/197)
Git#2>Receiving objects:  18% (36/197)
Git#2>Receiving objects:  19% (38/197)
Git#2>Receiving objects:  20% (40/197)
Git#2>Receiving objects:  21% (42/197)
Git#2>Receiving objects:  22% (44/197)
Git#2>Receiving objects:  23% (46/197)
Git#2>Receiving objects:  24% (48/197)
Git#2>Receiving objects:  25% (50/197)
Git#2>Receiving objects:  26% (52/197)
Git#2>Receiving objects:  27% (54/197)
Git#2>Receiving objects:  28% (56/197)
Git#2>Receiving objects:  29% (58/197)
Git#2>Receiving objects:  30% (60/197)
Git#2>Receiving objects:  31% (62/197)
Git#2>Receiving objects:  32% (64/197)
Git#2>Receiving objects:  33% (66/197)
Git#2>Receiving objects:  34% (67/197)
Git#2>Receiving objects:  35% (69/197)
Git#2>Receiving objects:  36% (71/197)
Git#2>Receiving objects:  37% (73/197)
Git#2>Receiving objects:  38% (75/197)
Git#2>Receiving objects:  39% (77/197)
Git#2>Receiving objects:  40% (79/197)
Git#2>Receiving objects:  41% (81/197)
Git#2>Receiving objects:  42% (83/197)
Git#2>Receiving objects:  43% (85/197)
Git#2>Receiving objects:  44% (87/197)
Git#2>Receiving objects:  45% (89/197)
Git#2>Receiving objects:  46% (91/197)
Git#2>Receiving objects:  47% (93/197)
Git#2>Receiving objects:  48% (95/197)
Git#2>Receiving objects:  49% (97/197)
Git#2>Receiving objects:  50% (99/197)
Git#2>Receiving objects:  51% (101/197)
Git#2>Receiving objects:  52% (103/197)
Git#2>Receiving objects:  53% (105/197)
Git#2>Receiving objects:  54% (107/197)
Git#2>Receiving objects:  55% (109/197)
Git#2>Receiving objects:  56% (111/197)
Git#2>Receiving objects:  57% (113/197)
Git#2>Receiving objects:  58% (115/197)
Git#2>Receiving objects:  59% (117/197)
Git#2>Receiving objects:  60% (119/197)
Git#2>Receiving objects:  61% (121/197)
Git#2>Receiving objects:  62% (123/197)
Git#2>Receiving objects:  63% (125/197)
Git#2>Receiving objects:  64% (127/197)
Git#2>Receiving objects:  65% (129/197)
Git#2>Receiving objects:  66% (131/197)
Git#2>Receiving objects:  67% (132/197)
Git#2>Receiving objects:  68% (134/197)
Git#2>Receiving objects:  69% (136/197)
Git#2>Receiving objects:  70% (138/197)
Git#2>Receiving objects:  71% (140/197)
Git#2>Receiving objects:  72% (142/197)
Git#2>Receiving objects:  73% (144/197)
Git#2>Receiving objects:  74% (146/197)
Git#2>Receiving objects:  75% (148/197)
Git#2>Receiving objects:  76% (150/197)
Git#2>Receiving objects:  77% (152/197)
Git#2>remote: Total 197 (delta 20), reused 60 (delta 14), pack-reused 129 (from 1)        
Git#2>Receiving objects:  78% (154/197)
Git#2>Receiving objects:  79% (156/197)
Git#2>Receiving objects:  80% (158/197)
Git#2>Receiving objects:  81% (160/197)
Git#2>Receiving objects:  82% (162/197)
Git#2>Receiving objects:  83% (164/197)
Git#2>Receiving objects:  84% (166/197)
Git#2>Receiving objects:  85% (168/197)
Git#2>Receiving objects:  86% (170/197)
Git#2>Receiving objects:  87% (172/197)
Git#2>Receiving objects:  88% (174/197)
Git#2>Receiving objects:  89% (176/197)
Git#2>Receiving objects:  90% (178/197)
Git#2>Receiving objects:  91% (180/197)
Git#2>Receiving objects:  92% (182/197)
Git#2>Receiving objects:  93% (184/197)
Git#2>Receiving objects:  94% (186/197)
Git#2>Receiving objects:  95% (188/197)
Git#2>Receiving objects:  96% (190/197)
Git#2>Receiving objects:  97% (192/197)
Git#2>Receiving objects:  98% (194/197)
Git#2>Receiving objects:  99% (196/197)
Git#2>Receiving objects: 100% (197/197)
Git#2>Receiving objects: 100% (197/197), 41.44 KiB | 2.44 MiB/s, done.
Git#2>Resolving deltas:   0% (0/50)
Git#2>Resolving deltas:   2% (1/50)
Git#2>Resolving deltas:   4% (2/50)
Git#2>Resolving deltas:   6% (3/50)
Git#2>Resolving deltas:   8% (4/50)
Git#2>Resolving deltas:  10% (5/50)
Git#2>Resolving deltas:  12% (6/50)
Git#2>Resolving deltas:  14% (7/50)
Git#2>Resolving deltas:  16% (8/50)
Git#2>Resolving deltas:  18% (9/50)
Git#2>Resolving deltas:  20% (10/50)
Git#2>Resolving deltas:  22% (11/50)
Git#2>Resolving deltas:  24% (12/50)
Git#2>Resolving deltas:  26% (13/50)
Git#2>Resolving deltas:  28% (14/50)
Git#2>Resolving deltas:  32% (16/50)
Git#2>Resolving deltas:  34% (17/50)
Git#2>Resolving deltas:  36% (18/50)
Git#2>Resolving deltas:  38% (19/50)
Git#2>Resolving deltas:  40% (20/50)
Git#2>Resolving deltas:  44% (22/50)
Git#2>Resolving deltas:  46% (23/50)
Git#2>Resolving deltas:  50% (25/50)
Git#2>Resolving deltas:  52% (26/50)
Git#2>Resolving deltas:  54% (27/50)
Git#2>Resolving deltas:  56% (28/50)
Git#2>Resolving deltas:  58% (29/50)
Git#2>Resolving deltas:  60% (30/50)
Git#2>Resolving deltas:  64% (32/50)
Git#2>Resolving deltas:  66% (33/50)
Git#2>Resolving deltas:  68% (34/50)
Git#2>Resolving deltas:  70% (35/50)
Git#2>Resolving deltas:  72% (36/50)
Git#2>Resolving deltas:  74% (37/50)
Git#2>Resolving deltas:  76% (38/50)
Git#2>Resolving deltas:  78% (39/50)
Git#2>Resolving deltas:  80% (40/50)
Git#2>Resolving deltas:  82% (41/50)
Git#2>Resolving deltas:  84% (42/50)
Git#2>Resolving deltas:  86% (43/50)
Git#2>Resolving deltas:  88% (44/50)
Git#2>Resolving deltas:  90% (45/50)
Git#2>Resolving deltas:  92% (46/50)
Git#2>Resolving deltas:  94% (47/50)
Git#2>Resolving deltas:  96% (48/50)
Git#2>Resolving deltas:  98% (49/50)
Git#2>Resolving deltas: 100% (50/50)
Git#2>Resolving deltas: 100% (50/50), done.
Git#5>remote: Enumerating objects: 258, done.        
Git#5>remote: Counting objects:   0% (1/106)        
Git#5>remote: Counting objects:   1% (2/106)        
Git#5>remote: Counting objects:   2% (3/106)        
Git#5>remote: Counting objects:   3% (4/106)        
Git#5>remote: Counting objects:   4% (5/106)        
Git#5>remote: Counting objects:   5% (6/106)        
Git#5>remote: Counting objects:   6% (7/106)        
Git#5>remote: Counting objects:   7% (8/106)        
Git#5>remote: Counting objects:   8% (9/106)        
Git#5>remote: Counting objects:   9% (10/106)        
Git#5>remote: Counting objects:  10% (11/106)        
Git#5>remote: Counting objects:  11% (12/106)        
Git#5>remote: Counting objects:  12% (13/106)        
Git#5>remote: Counting objects:  13% (14/106)        
Git#5>remote: Counting objects:  14% (15/106)        
Git#5>remote: Counting objects:  15% (16/106)        
Git#5>remote: Counting objects:  16% (17/106)        
Git#5>remote: Counting objects:  17% (19/106)        
Git#5>remote: Counting objects:  18% (20/106)        
Git#5>remote: Counting objects:  19% (21/106)        
Git#5>remote: Counting objects:  20% (22/106)        
Git#5>remote: Counting objects:  21% (23/106)        
Git#5>remote: Counting objects:  22% (24/106)        
Git#5>remote: Counting objects:  23% (25/106)        
Git#5>remote: Counting objects:  24% (26/106)        
Git#5>remote: Counting objects:  25% (27/106)        
Git#5>remote: Counting objects:  26% (28/106)        
Git#5>remote: Counting objects:  27% (29/106)        
Git#5>remote: Counting objects:  28% (30/106)        
Git#5>remote: Counting objects:  29% (31/106)        
Git#5>remote: Counting objects:  30% (32/106)        
Git#5>remote: Counting objects:  31% (33/106)        
Git#5>remote: Counting objects:  32% (34/106)        
Git#5>remote: Counting objects:  33% (35/106)        
Git#5>remote: Counting objects:  34% (37/106)        
Git#5>remote: Counting objects:  35% (38/106)        
Git#5>remote: Counting objects:  36% (39/106)        
Git#5>remote: Counting objects:  37% (40/106)        
Git#5>remote: Counting objects:  38% (41/106)        
Git#5>remote: Counting objects:  39% (42/106)        
Git#5>remote: Counting objects:  40% (43/106)        
Git#5>remote: Counting objects:  41% (44/106)        
Git#5>remote: Counting objects:  42% (45/106)        
Git#5>remote: Counting objects:  43% (46/106)        
Git#5>remote: Counting objects:  44% (47/106)        
Git#5>remote: Counting objects:  45% (48/106)        
Git#5>remote: Counting objects:  46% (49/106)        
Git#5>remote: Counting objects:  47% (50/106)        
Git#5>remote: Counting objects:  48% (51/106)        
Git#5>remote: Counting objects:  49% (52/106)        
Git#5>remote: Counting objects:  50% (53/106)        
Git#5>remote: Counting objects:  51% (55/106)        
Git#5>remote: Counting objects:  52% (56/106)        
Git#5>remote: Counting objects:  53% (57/106)        
Git#5>remote: Counting objects:  54% (58/106)        
Git#5>remote: Counting objects:  55% (59/106)        
Git#5>remote: Counting objects:  56% (60/106)        
Git#5>remote: Counting objects:  57% (61/106)        
Git#5>remote: Counting objects:  58% (62/106)        
Git#5>remote: Counting objects:  59% (63/106)        
Git#5>remote: Counting objects:  60% (64/106)        
Git#5>remote: Counting objects:  61% (65/106)        
Git#5>remote: Counting objects:  62% (66/106)        
Git#5>remote: Counting objects:  63% (67/106)        
Git#5>remote: Counting objects:  64% (68/106)        
Git#5>remote: Counting objects:  65% (69/106)        
Git#5>remote: Counting objects:  66% (70/106)        
Git#5>remote: Counting objects:  67% (72/106)        
Git#5>remote: Counting objects:  68% (73/106)        
Git#5>remote: Counting objects:  69% (74/106)        
Git#5>remote: Counting objects:  70% (75/106)        
Git#5>remote: Counting objects:  71% (76/106)        
Git#5>remote: Counting objects:  72% (77/106)        
Git#5>remote: Counting objects:  73% (78/106)        
Git#5>remote: Counting objects:  74% (79/106)        
Git#5>remote: Counting objects:  75% (80/106)        
Git#5>remote: Counting objects:  76% (81/106)        
Git#5>remote: Counting objects:  77% (82/106)        
Git#5>remote: Counting objects:  78% (83/106)        
Git#5>remote: Counting objects:  79% (84/106)        
Git#5>remote: Counting objects:  80% (85/106)        
Git#5>remote: Counting objects:  81% (86/106)        
Git#5>remote: Counting objects:  82% (87/106)        
Git#5>remote: Counting objects:  83% (88/106)        
Git#5>remote: Counting objects:  84% (90/106)        
Git#5>remote: Counting objects:  85% (91/106)        
Git#5>remote: Counting objects:  86% (92/106)        
Git#5>remote: Counting objects:  87% (93/106)        
Git#5>remote: Counting objects:  88% (94/106)        
Git#5>remote: Counting objects:  89% (95/106)        
Git#5>remote: Counting objects:  90% (96/106)        
Git#5>remote: Counting objects:  91% (97/106)        
Git#5>remote: Counting objects:  92% (98/106)        
Git#5>remote: Counting objects:  93% (99/106)        
Git#5>remote: Counting objects:  94% (100/106)        
Git#5>remote: Counting objects:  95% (101/106)        
Git#5>remote: Counting objects:  96% (102/106)        
Git#5>remote: Counting objects:  97% (103/106)        
Git#5>remote: Counting objects:  98% (104/106)        
Git#5>remote: Counting objects:  99% (105/106)        
Git#5>remote: Counting objects: 100% (106/106)        
Git#5>remote: Counting objects: 100% (106/106), done.        
Git#5>remote: Compressing objects:   1% (1/65)        
Git#5>remote: Compressing objects:   3% (2/65)        
Git#5>remote: Compressing objects:   4% (3/65)        
Git#5>remote: Compressing objects:   6% (4/65)        
Git#5>remote: Compressing objects:   7% (5/65)        
Git#5>remote: Compressing objects:   9% (6/65)        
Git#5>remote: Compressing objects:  10% (7/65)        
Git#5>remote: Compressing objects:  12% (8/65)        
Git#5>remote: Compressing objects:  13% (9/65)        
Git#5>remote: Compressing objects:  15% (10/65)        
Git#5>remote: Compressing objects:  16% (11/65)        
Git#5>remote: Compressing objects:  18% (12/65)        
Git#5>remote: Compressing objects:  20% (13/65)        
Git#5>remote: Compressing objects:  21% (14/65)        
Git#5>remote: Compressing objects:  23% (15/65)        
Git#5>remote: Compressing objects:  24% (16/65)        
Git#5>remote: Compressing objects:  26% (17/65)        
Git#5>remote: Compressing objects:  27% (18/65)        
Git#5>remote: Compressing objects:  29% (19/65)        
Git#5>remote: Compressing objects:  30% (20/65)        
Git#5>remote: Compressing objects:  32% (21/65)        
Git#5>remote: Compressing objects:  33% (22/65)        
Git#5>remote: Compressing objects:  35% (23/65)        
Git#5>remote: Compressing objects:  36% (24/65)        
Git#5>remote: Compressing objects:  38% (25/65)        
Git#5>remote: Compressing objects:  40% (26/65)        
Git#5>remote: Compressing objects:  41% (27/65)        
Git#5>remote: Compressing objects:  43% (28/65)        
Git#5>remote: Compressing objects:  44% (29/65)        
Git#5>remote: Compressing objects:  46% (30/65)        
Git#5>remote: Compressing objects:  47% (31/65)        
Git#5>remote: Compressing objects:  49% (32/65)        
Git#5>remote: Compressing objects:  50% (33/65)        
Git#5>remote: Compressing objects:  52% (34/65)        
Git#5>remote: Compressing objects:  53% (35/65)        
Git#5>remote: Compressing objects:  55% (36/65)        
Git#5>remote: Compressing objects:  56% (37/65)        
Git#5>remote: Compressing objects:  58% (38/65)        
Git#5>remote: Compressing objects:  60% (39/65)        
Git#5>remote: Compressing objects:  61% (40/65)        
Git#5>remote: Compressing objects:  63% (41/65)        
Git#5>remote: Compressing objects:  64% (42/65)        
Git#5>remote: Compressing objects:  66% (43/65)        
Git#5>remote: Compressing objects:  67% (44/65)        
Git#5>remote: Compressing objects:  69% (45/65)        
Git#5>remote: Compressing objects:  70% (46/65)        
Git#5>remote: Compressing objects:  72% (47/65)        
Git#5>remote: Compressing objects:  73% (48/65)        
Git#5>remote: Compressing objects:  75% (49/65)        
Git#5>remote: Compressing objects:  76% (50/65)        
Git#5>remote: Compressing objects:  78% (51/65)        
Git#5>remote: Compressing objects:  80% (52/65)        
Git#5>remote: Compressing objects:  81% (53/65)        
Git#5>remote: Compressing objects:  83% (54/65)        
Git#5>remote: Compressing objects:  84% (55/65)        
Git#5>remote: Compressing objects:  86% (56/65)        
Git#5>remote: Compressing objects:  87% (57/65)        
Git#5>remote: Compressing objects:  89% (58/65)        
Git#5>remote: Compressing objects:  90% (59/65)        
Git#5>remote: Compressing objects:  92% (60/65)        
Git#5>remote: Compressing objects:  93% (61/65)        
Git#5>remote: Compressing objects:  95% (62/65)        
Git#5>remote: Compressing objects:  96% (63/65)        
Git#5>remote: Compressing objects:  98% (64/65)        
Git#5>remote: Compressing objects: 100% (65/65)        
Git#5>remote: Compressing objects: 100% (65/65), done.        
Git#5>Receiving objects:   0% (1/258)
Git#5>Receiving objects:   1% (3/258)
Git#5>Receiving objects:   2% (6/258)
Git#5>Receiving objects:   3% (8/258)
Git#5>Receiving objects:   4% (11/258)
Git#5>Receiving objects:   5% (13/258)
Git#5>Receiving objects:   6% (16/258)
Git#5>Receiving objects:   7% (19/258)
Git#5>Receiving objects:   8% (21/258)
Git#5>Receiving objects:   9% (24/258)
Git#5>Receiving objects:  10% (26/258)
Git#5>Receiving objects:  11% (29/258)
Git#5>Receiving objects:  12% (31/258)
Git#5>Receiving objects:  13% (34/258)
Git#5>Receiving objects:  14% (37/258)
Git#5>Receiving objects:  15% (39/258)
Git#5>Receiving objects:  16% (42/258)
Git#5>Receiving objects:  17% (44/258)
Git#5>Receiving objects:  18% (47/258)
Git#5>Receiving objects:  19% (50/258)
Git#5>Receiving objects:  20% (52/258)
Git#5>Receiving objects:  21% (55/258)
Git#5>Receiving objects:  22% (57/258)
Git#5>Receiving objects:  23% (60/258)
Git#5>Receiving objects:  24% (62/258)
Git#5>Receiving objects:  25% (65/258)
Git#5>Receiving objects:  26% (68/258)
Git#5>Receiving objects:  27% (70/258)
Git#5>Receiving objects:  28% (73/258)
Git#5>Receiving objects:  29% (75/258)
Git#5>Receiving objects:  30% (78/258)
Git#5>Receiving objects:  31% (80/258)
Git#5>Receiving objects:  32% (83/258)
Git#5>Receiving objects:  33% (86/258)
Git#5>Receiving objects:  34% (88/258)
Git#5>Receiving objects:  35% (91/258)
Git#5>Receiving objects:  36% (93/258)
Git#5>Receiving objects:  37% (96/258)
Git#5>Receiving objects:  38% (99/258)
Git#5>Receiving objects:  39% (101/258)
Git#5>Receiving objects:  40% (104/258)
Git#5>Receiving objects:  41% (106/258)
Git#5>Receiving objects:  42% (109/258)
Git#5>Receiving objects:  43% (111/258)
Git#5>Receiving objects:  44% (114/258)
Git#5>Receiving objects:  45% (117/258)
Git#5>Receiving objects:  46% (119/258)
Git#5>Receiving objects:  47% (122/258)
Git#5>Receiving objects:  48% (124/258)
Git#5>Receiving objects:  49% (127/258)
Git#5>Receiving objects:  50% (129/258)
Git#5>Receiving objects:  51% (132/258)
Git#5>Receiving objects:  52% (135/258)
Git#5>Receiving objects:  53% (137/258)
Git#5>Receiving objects:  54% (140/258)
Git#5>Receiving objects:  55% (142/258)
Git#5>Receiving objects:  56% (145/258)
Git#5>Receiving objects:  57% (148/258)
Git#5>Receiving objects:  58% (150/258)
Git#5>Receiving objects:  59% (153/258)
Git#5>Receiving objects:  60% (155/258)
Git#5>Receiving objects:  61% (158/258)
Git#5>Receiving objects:  62% (160/258)
Git#5>Receiving objects:  63% (163/258)
Git#5>Receiving objects:  64% (166/258)
Git#5>Receiving objects:  65% (168/258)
Git#5>Receiving objects:  66% (171/258)
Git#5>Receiving objects:  67% (173/258)
Git#5>Receiving objects:  68% (176/258)
Git#5>Receiving objects:  69% (179/258)
Git#5>Receiving objects:  70% (181/258)
Git#5>Receiving objects:  71% (184/258)
Git#5>Receiving objects:  72% (186/258)
Git#5>remote: Total 258 (delta 29), reused 92 (delta 21), pack-reused 152 (from 1)        
Git#5>Receiving objects:  73% (189/258)
Git#5>Receiving objects:  74% (191/258)
Git#5>Receiving objects:  75% (194/258)
Git#5>Receiving objects:  76% (197/258)
Git#5>Receiving objects:  77% (199/258)
Git#5>Receiving objects:  78% (202/258)
Git#5>Receiving objects:  79% (204/258)
Git#5>Receiving objects:  80% (207/258)
Git#5>Receiving objects:  81% (209/258)
Git#5>Receiving objects:  82% (212/258)
Git#5>Receiving objects:  83% (215/258)
Git#5>Receiving objects:  84% (217/258)
Git#5>Receiving objects:  85% (220/258)
Git#5>Receiving objects:  86% (222/258)
Git#5>Receiving objects:  87% (225/258)
Git#5>Receiving objects:  88% (228/258)
Git#5>Receiving objects:  89% (230/258)
Git#5>Receiving objects:  90% (233/258)
Git#5>Receiving objects:  91% (235/258)
Git#5>Receiving objects:  92% (238/258)
Git#5>Receiving objects:  93% (240/258)
Git#5>Receiving objects:  94% (243/258)
Git#5>Receiving objects:  95% (246/258)
Git#5>Receiving objects:  96% (248/258)
Git#5>Receiving objects:  97% (251/258)
Git#5>Receiving objects:  98% (253/258)
Git#5>Receiving objects:  99% (256/258)
Git#5>Receiving objects: 100% (258/258)
Git#5>Receiving objects: 100% (258/258), 32.47 KiB | 1.71 MiB/s, done.
Git#5>Resolving deltas:   0% (0/72)
Git#5>Resolving deltas:   1% (1/72)
Git#5>Resolving deltas:   2% (2/72)
Git#5>Resolving deltas:   4% (3/72)
Git#5>Resolving deltas:   5% (4/72)
Git#5>Resolving deltas:   8% (6/72)
Git#5>Resolving deltas:   9% (7/72)
Git#5>Resolving deltas:  12% (9/72)
Git#5>Resolving deltas:  13% (10/72)
Git#5>Resolving deltas:  15% (11/72)
Git#5>Resolving deltas:  18% (13/72)
Git#5>Resolving deltas:  19% (14/72)
Git#5>Resolving deltas:  20% (15/72)
Git#5>Resolving deltas:  22% (16/72)
Git#5>Resolving deltas:  23% (17/72)
Git#5>Resolving deltas:  25% (18/72)
Git#5>Resolving deltas:  26% (19/72)
Git#5>Resolving deltas:  31% (23/72)
Git#5>Resolving deltas:  33% (24/72)
Git#5>Resolving deltas:  34% (25/72)
Git#5>Resolving deltas:  36% (26/72)
Git#5>Resolving deltas:  37% (27/72)
Git#5>Resolving deltas:  38% (28/72)
Git#5>Resolving deltas:  41% (30/72)
Git#5>Resolving deltas:  43% (31/72)
Git#5>Resolving deltas:  44% (32/72)
Git#5>Resolving deltas:  45% (33/72)
Git#5>Resolving deltas:  47% (34/72)
Git#5>Resolving deltas:  48% (35/72)
Git#5>Resolving deltas:  50% (36/72)
Git#5>Resolving deltas:  51% (37/72)
Git#5>Resolving deltas:  54% (39/72)
Git#5>Resolving deltas:  55% (40/72)
Git#5>Resolving deltas:  59% (43/72)
Git#5>Resolving deltas:  61% (44/72)
Git#5>Resolving deltas:  62% (45/72)
Git#5>Resolving deltas:  63% (46/72)
Git#5>Resolving deltas:  65% (47/72)
Git#5>Resolving deltas:  66% (48/72)
Git#5>Resolving deltas:  68% (49/72)
Git#5>Resolving deltas:  69% (50/72)
Git#5>Resolving deltas:  72% (52/72)
Git#5>Resolving deltas:  73% (53/72)
Git#5>Resolving deltas:  75% (54/72)
Git#2>Success: git -C C:/Embedded_AlleOefeningen_PSOC6/ModToolBox_AlleOefeningen/SmartDev_ex4_SmartSensor/libs clone --progress --origin cypress --no-checkout --filter=blob:none https://github.com/cypresssemiconductorco/TARGET_CY8CKIT-062-WIFI-BT TARGET_CY8CKIT-062-WIFI-BT
Git#6>Starting: git -C C:/Embedded_AlleOefeningen_PSOC6/ModToolBox_AlleOefeningen/mtb_shared/mtb-hal-cat1/release-v2.7.4 -c advice.detachedHead=false checkout --progress release-v2.7.4
Git#5>Resolving deltas:  76% (55/72)
Git#5>Resolving deltas:  77% (56/72)
Git#5>Resolving deltas:  80% (58/72)
Git#5>Resolving deltas:  81% (59/72)
Git#5>Resolving deltas:  83% (60/72)
Git#5>Resolving deltas:  88% (64/72)
Git#5>Resolving deltas:  90% (65/72)
Git#5>Resolving deltas:  91% (66/72)
Git#5>Resolving deltas:  93% (67/72)
Git#5>Resolving deltas:  94% (68/72)
Git#5>Resolving deltas:  95% (69/72)
Git#5>Resolving deltas:  98% (71/72)
Git#5>Resolving deltas: 100% (72/72)
Git#5>Resolving deltas: 100% (72/72), done.
Git#3>HEAD is now at ea4c761 Upload cat1cm0p 1.9.0.558 [3848]
Git#3>Success: git -C C:/Embedded_AlleOefeningen_PSOC6/ModToolBox_AlleOefeningen/mtb_shared/cat1cm0p/release-v1.9.0 -c advice.detachedHead=false checkout --progress release-v1.9.0
Git#7>Starting: git -C C:/Embedded_AlleOefeningen_PSOC6/ModToolBox_AlleOefeningen/mtb_shared/mtb-pdl-cat1/release-v3.19.0 -c advice.detachedHead=false checkout --progress release-v3.19.0
Git#5>Success: git -C C:/Embedded_AlleOefeningen_PSOC6/ModToolBox_AlleOefeningen/mtb_shared/core-make clone --progress --origin cypress --no-checkout --filter=blob:none https://github.com/cypresssemiconductorco/core-make release-v3.8.0
Git#8>Starting: git -C C:/Embedded_AlleOefeningen_PSOC6/ModToolBox_AlleOefeningen/mtb_shared/recipe-make-cat1a/release-v2.6.0 -c advice.detachedHead=false checkout --progress release-v2.6.0
Git#4>HEAD is now at 7c85992 Upload core-lib [4092]
Git#4>Success: git -C C:/Embedded_AlleOefeningen_PSOC6/ModToolBox_AlleOefeningen/mtb_shared/core-lib/release-v1.6.0 -c advice.detachedHead=false checkout --progress release-v1.6.0
Git#9>Starting: git -C C:/Embedded_AlleOefeningen_PSOC6/ModToolBox_AlleOefeningen/mtb_shared/udb-sdio-whd/release-v1.2.1 -c advice.detachedHead=false checkout --progress release-v1.2.1
Git#8>HEAD is now at 2f317f5 Upload recipe-make-cat1a 2.6.0.7147 [3676]
Git#8>Success: git -C C:/Embedded_AlleOefeningen_PSOC6/ModToolBox_AlleOefeningen/mtb_shared/recipe-make-cat1a/release-v2.6.0 -c advice.detachedHead=false checkout --progress release-v2.6.0
Git#10>Starting: git -C C:/Embedded_AlleOefeningen_PSOC6/ModToolBox_AlleOefeningen/mtb_shared/bt-fw-mur-cyw4343w/release-v1.0.0 -c advice.detachedHead=false checkout --progress release-v1.0.0
Git#10>HEAD is now at 7872a48 Upload bt-fw-mur-cyw4343w 1.0.0.2595 [3108]
Git#10>Success: git -C C:/Embedded_AlleOefeningen_PSOC6/ModToolBox_AlleOefeningen/mtb_shared/bt-fw-mur-cyw4343w/release-v1.0.0 -c advice.detachedHead=false checkout --progress release-v1.0.0
Git#11>Starting: git -C C:/Embedded_AlleOefeningen_PSOC6/ModToolBox_AlleOefeningen/mtb_shared/cmsis/release-v5.8.2 -c advice.detachedHead=false checkout --progress release-v5.8.2
Git#9>HEAD is now at 9ecf7fb Upload udb-sdio-whd [990]
Git#9>Success: git -C C:/Embedded_AlleOefeningen_PSOC6/ModToolBox_AlleOefeningen/mtb_shared/udb-sdio-whd/release-v1.2.1 -c advice.detachedHead=false checkout --progress release-v1.2.1
Git#12>Starting: git -C C:/Users/Bram/.modustoolbox/global/device-db/release-v4.34.0 -c advice.detachedHead=false checkout --progress release-v4.34.0
Git#12>HEAD is now at 8f577aaf Upload device-db 4.34.0.9502 [4379]
Git#12>Success: git -C C:/Users/Bram/.modustoolbox/global/device-db/release-v4.34.0 -c advice.detachedHead=false checkout --progress release-v4.34.0
Git#13>Starting: git -C C:/Embedded_AlleOefeningen_PSOC6/ModToolBox_AlleOefeningen/SmartDev_ex4_SmartSensor/libs/TARGET_CY8CKIT-062-WIFI-BT -c advice.detachedHead=false checkout --progress release-v5.0.1
Git#13>Updating files:   1% (2/154)
Git#13>Updating files:   2% (4/154)
Git#13>Updating files:   3% (5/154)
Git#13>Updating files:   4% (7/154)
Git#13>Updating files:   5% (8/154)
Git#13>Updating files:   6% (10/154)
Git#13>Updating files:   7% (11/154)
Git#13>Updating files:   8% (13/154)
Git#13>Updating files:   9% (14/154)
Git#13>Updating files:  10% (16/154)
Git#13>Updating files:  11% (17/154)
Git#13>Updating files:  12% (19/154)
Git#13>Updating files:  13% (21/154)
Git#13>Updating files:  14% (22/154)
Git#13>Updating files:  15% (24/154)
Git#13>Updating files:  16% (25/154)
Git#13>Updating files:  17% (27/154)
Git#13>Updating files:  18% (28/154)
Git#13>Updating files:  19% (30/154)
Git#13>Updating files:  20% (31/154)
Git#13>Updating files:  21% (33/154)
Git#13>Updating files:  22% (34/154)
Git#13>Updating files:  23% (36/154)
Git#13>Updating files:  24% (37/154)
Git#13>Updating files:  25% (39/154)
Git#13>Updating files:  26% (41/154)
Git#13>Updating files:  27% (42/154)
Git#13>Updating files:  28% (44/154)
Git#13>Updating files:  29% (45/154)
Git#13>Updating files:  30% (47/154)
Git#13>Updating files:  31% (48/154)
Git#13>Updating files:  32% (50/154)
Git#13>Updating files:  33% (51/154)
Git#13>Updating files:  34% (53/154)
Git#13>Updating files:  35% (54/154)
Git#13>Updating files:  36% (56/154)
Git#13>Updating files:  37% (57/154)
Git#11>HEAD is now at 89700d7 Upload cmsis 5.8.2.133 [3108]
Git#11>Success: git -C C:/Embedded_AlleOefeningen_PSOC6/ModToolBox_AlleOefeningen/mtb_shared/cmsis/release-v5.8.2 -c advice.detachedHead=false checkout --progress release-v5.8.2
Git#14>Starting: git -C C:/Embedded_AlleOefeningen_PSOC6/ModToolBox_AlleOefeningen/mtb_shared/core-make/release-v3.8.0 -c advice.detachedHead=false checkout --progress release-v3.8.0
Git#13>Updating files:  37% (58/154)
Git#13>Updating files:  38% (59/154)
Git#13>Updating files:  39% (61/154)
Git#13>Updating files:  40% (62/154)
Git#13>Updating files:  41% (64/154)
Git#13>Updating files:  42% (65/154)
Git#13>Updating files:  43% (67/154)
Git#13>Updating files:  44% (68/154)
Git#13>Updating files:  45% (70/154)
Git#13>Updating files:  46% (71/154)
Git#14>Updating files:  14% (13/91)
Git#14>Updating files:  15% (14/91)
Git#14>Updating files:  16% (15/91)
Git#14>Updating files:  17% (16/91)
Git#14>Updating files:  18% (17/91)
Git#13>Updating files:  47% (73/154)
Git#14>Updating files:  19% (18/91)
Git#14>Updating files:  20% (19/91)
Git#14>Updating files:  21% (20/91)
Git#14>Updating files:  23% (21/91)
Git#14>Updating files:  24% (22/91)
Git#14>Updating files:  25% (23/91)
Git#13>Updating files:  48% (74/154)
Git#14>Updating files:  26% (24/91)
Git#14>Updating files:  27% (25/91)
Git#14>Updating files:  28% (26/91)
Git#14>Updating files:  29% (27/91)
Git#13>Updating files:  49% (76/154)
Git#14>Updating files:  30% (28/91)
Git#14>Updating files:  31% (29/91)
Git#14>Updating files:  32% (30/91)
Git#14>Updating files:  34% (31/91)
Git#14>Updating files:  35% (32/91)
Git#13>Updating files:  50% (77/154)
Git#14>Updating files:  36% (33/91)
Git#14>Updating files:  37% (34/91)
Git#13>Updating files:  51% (79/154)
Git#14>Updating files:  38% (35/91)
Git#13>Updating files:  52% (81/154)
Git#13>Updating files:  53% (82/154)
Git#14>Updating files:  39% (36/91)
Git#14>Updating files:  40% (37/91)
Git#13>Updating files:  54% (84/154)
Git#14>Updating files:  41% (38/91)
Git#14>Updating files:  42% (39/91)
Git#13>Updating files:  55% (85/154)
Git#14>Updating files:  43% (40/91)
Git#13>Updating files:  56% (87/154)
Git#14>Updating files:  45% (41/91)
Git#14>Updating files:  46% (42/91)
Git#14>Updating files:  47% (43/91)
Git#14>Updating files:  48% (44/91)
Git#13>Updating files:  57% (88/154)
Git#14>Updating files:  49% (45/91)
Git#14>Updating files:  50% (46/91)
Git#14>Updating files:  51% (47/91)
Git#14>Updating files:  52% (48/91)
Git#14>Updating files:  53% (49/91)
Git#14>Updating files:  54% (50/91)
Git#14>Updating files:  56% (51/91)
Git#13>Updating files:  58% (90/154)
Git#14>Updating files:  57% (52/91)
Git#13>Updating files:  59% (91/154)
Git#14>Updating files:  58% (53/91)
Git#14>Updating files:  59% (54/91)
Git#13>Updating files:  60% (93/154)
Git#14>Updating files:  60% (55/91)
Git#14>Updating files:  61% (56/91)
Git#14>Updating files:  62% (57/91)
Git#14>Updating files:  63% (58/91)
Git#14>Updating files:  64% (59/91)
Git#14>Updating files:  65% (60/91)
Git#13>Updating files:  61% (94/154)
Git#14>Updating files:  67% (61/91)
Git#14>Updating files:  68% (62/91)
Git#14>Updating files:  69% (63/91)
Git#14>Updating files:  70% (64/91)
Git#14>Updating files:  71% (65/91)
Git#14>Updating files:  72% (66/91)
Git#13>Updating files:  62% (96/154)
Git#14>Updating files:  73% (67/91)
Git#14>Updating files:  74% (68/91)
Git#14>Updating files:  75% (69/91)
Git#14>Updating files:  76% (70/91)
Git#14>Updating files:  78% (71/91)
Git#14>Updating files:  79% (72/91)
Git#14>Updating files:  80% (73/91)
Git#14>Updating files:  81% (74/91)
Git#14>Updating files:  82% (75/91)
Git#14>Updating files:  83% (76/91)
Git#14>Updating files:  84% (77/91)
Git#14>Updating files:  85% (78/91)
Git#13>Updating files:  63% (98/154)
Git#14>Updating files:  86% (79/91)
Git#14>Updating files:  87% (80/91)
Git#14>Updating files:  89% (81/91)
Git#14>Updating files:  90% (82/91)
Git#13>Updating files:  64% (99/154)
Git#14>Updating files:  91% (83/91)
Git#14>Updating files:  92% (84/91)
Git#14>Updating files:  93% (85/91)
Git#14>Updating files:  94% (86/91)
Git#14>Updating files:  95% (87/91)
Git#14>Updating files:  96% (88/91)
Git#14>Updating files:  97% (89/91)
Git#13>Updating files:  65% (101/154)
Git#14>Updating files:  98% (90/91)
Git#14>Updating files: 100% (91/91)
Git#14>Updating files: 100% (91/91), done.
Git#14>HEAD is now at 70dee10 Upload core-make [4450]
Git#14>Success: git -C C:/Embedded_AlleOefeningen_PSOC6/ModToolBox_AlleOefeningen/mtb_shared/core-make/release-v3.8.0 -c advice.detachedHead=false checkout --progress release-v3.8.0
Git#13>Updating files:  66% (102/154)
Git#13>Updating files:  67% (104/154)
Git#13>Updating files:  68% (105/154)
Git#13>Updating files:  69% (107/154)
Git#13>Updating files:  70% (108/154)
Git#13>Updating files:  71% (110/154)
Git#13>Updating files:  72% (111/154)
Git#13>Updating files:  73% (113/154)
Git#13>Updating files:  74% (114/154)
Git#13>Updating files:  75% (116/154)
Git#13>Updating files:  76% (118/154)
Git#13>Updating files:  77% (119/154)
Git#13>Updating files:  78% (121/154)
Git#13>Updating files:  79% (122/154)
Git#13>Updating files:  80% (124/154)
Git#13>Updating files:  81% (125/154)
Git#13>Updating files:  82% (127/154)
Git#13>Updating files:  83% (128/154)
Git#13>Updating files:  84% (130/154)
Git#13>Updating files:  85% (131/154)
Git#13>Updating files:  86% (133/154)
Git#13>Updating files:  87% (134/154)
Git#13>Updating files:  88% (136/154)
Git#13>Updating files:  89% (138/154)
Git#13>Updating files:  90% (139/154)
Git#13>Updating files:  91% (141/154)
Git#13>Updating files:  92% (142/154)
Git#13>Updating files:  92% (143/154)
Git#13>Updating files:  93% (144/154)
Git#13>Updating files:  94% (145/154)
Git#13>Updating files:  95% (147/154)
Git#13>Updating files:  96% (148/154)
Git#13>Updating files:  97% (150/154)
Git#13>Updating files:  98% (151/154)
Git#13>Updating files:  99% (153/154)
Git#13>Updating files: 100% (154/154)
Git#13>Updating files: 100% (154/154), done.
Git#13>HEAD is now at 34ae298 Upload TARGET_CY8CKIT-062-WIFI-BT [3403]
Git#13>Success: git -C C:/Embedded_AlleOefeningen_PSOC6/ModToolBox_AlleOefeningen/SmartDev_ex4_SmartSensor/libs/TARGET_CY8CKIT-062-WIFI-BT -c advice.detachedHead=false checkout --progress release-v5.0.1
Git#6>HEAD is now at c255813 Upload mtb-hal-cat1 [3856]
Git#6>Success: git -C C:/Embedded_AlleOefeningen_PSOC6/ModToolBox_AlleOefeningen/mtb_shared/mtb-hal-cat1/release-v2.7.4 -c advice.detachedHead=false checkout --progress release-v2.7.4
Git#7>HEAD is now at 84c7b59 Upload mtb-pdl-cat1 3.19.0.44724 [4423]
Git#7>Success: git -C C:/Embedded_AlleOefeningen_PSOC6/ModToolBox_AlleOefeningen/mtb_shared/mtb-pdl-cat1/release-v3.19.0 -c advice.detachedHead=false checkout --progress release-v3.19.0
Requested to change the active target to 'APP_CY8CKIT-062-WIFI-BT'.
Removed the file 'C:/Embedded_AlleOefeningen_PSOC6/ModToolBox_AlleOefeningen/SmartDev_ex4_SmartSensor/deps/TARGET_CY8CKIT-062-WIFI-BT.mtb'.
Writing the file 'C:/Embedded_AlleOefeningen_PSOC6/ModToolBox_AlleOefeningen/SmartDev_ex4_SmartSensor/libs/app.mk'.
Successfully committed changes to the project 'mtb-example-empty-app'.
Project "SmartDev_ex4_SmartSensor" created successfully.
Successfully created "SmartDev_ex4_SmartSensor" application.
Generating source
Generated source successfully.
==============================================================================
= Export "SmartDev_ex4_SmartSensor" application to Eclipse for ModusToolbox =
==============================================================================
make eclipse CY_IDE_PRJNAME=SmartDev_ex4_SmartSensor CY_MAKE_IDE=eclipse CY_MAKE_IDE_VERSION=2025.8 CY_TOOLS_PATHS=C:/Users/Bram/ModusToolbox/tools_3.6 MTB_MAKE_ECLIPSE_FORCE_REGENERATE_PROJECT=1
Tools Directory: C:/Users/Bram/ModusToolbox/tools_3.6
Searching installed tools in progress...
Searching installed tools complete
NOTE: Using 'C:/Users/Bram/ModusToolbox/tools_3.6/ninja/ninja.exe' from PATH.
Generating mtbninja data files...
Generating mtbninja data complete...
Prebuild operations complete
Toolchain validation: PASS
Initializing build: mtb-example-empty-app Debug APP_CY8CKIT-062-WIFI-BT GCC_ARM
# 0: Loading the application in directory 'C:/Embedded_AlleOefeningen_PSOC6/ModToolBox_AlleOefeningen/SmartDev_ex4_SmartSensor'
# 0: Loading the ModusToolbox Technology Packs and Early Access Packs
# 0: Loading the tools information
Tools Directory: C:/Users/Bram/ModusToolbox/tools_3.6
NOTE: Using 'C:/Users/Bram/ModusToolbox/tools_3.6/ninja/ninja.exe' from PATH.
Generating mtbninja data files...
Generating mtbninja data complete...
Toolchain validation: PASS
Initializing build: mtb-example-empty-app Debug APP_CY8CKIT-062-WIFI-BT GCC_ARM
Prebuild operations complete
# 0: Loading the application in directory 'C:/Embedded_AlleOefeningen_PSOC6/ModToolBox_AlleOefeningen/SmartDev_ex4_SmartSensor'
# 0: Loading the ModusToolbox Technology Packs and Early Access Packs
# 0: Loading the tools information
Generated .clangd
Generated C:/Embedded_AlleOefeningen_PSOC6/ModToolBox_AlleOefeningen/SmartDev_ex4_SmartSensor/.cproject
Generated C:/Embedded_AlleOefeningen_PSOC6/ModToolBox_AlleOefeningen/SmartDev_ex4_SmartSensor/.project
Generated C:/Embedded_AlleOefeningen_PSOC6/ModToolBox_AlleOefeningen/SmartDev_ex4_SmartSensor/.mtbLaunchConfigs/SmartDev_ex4_SmartSensor Program.launch
Generated C:/Embedded_AlleOefeningen_PSOC6/ModToolBox_AlleOefeningen/SmartDev_ex4_SmartSensor/.mtbLaunchConfigs/SmartDev_ex4_SmartSensor Erase Device.launch
Generated C:/Embedded_AlleOefeningen_PSOC6/ModToolBox_AlleOefeningen/SmartDev_ex4_SmartSensor/.mtbLaunchConfigs/SmartDev_ex4_SmartSensor Attach (KitProg3_MiniProg4).launch
Generated C:/Embedded_AlleOefeningen_PSOC6/ModToolBox_AlleOefeningen/SmartDev_ex4_SmartSensor/.mtbLaunchConfigs/SmartDev_ex4_SmartSensor Debug (KitProg3_MiniProg4).launch

Instructions:
1. Open Eclipse IDE for ModusToolbox
2. Select 'Import Existing Application In-Place' from the QuickPanel
3. Browse to the application root directory

For more information, refer to the Eclipse IDE for ModusToolbox user guide.

The application "SmartDev_ex4_SmartSensor" was successfully exported to Eclipse for ModusToolbox.
0 error(s), 0 warning(s)

Summary:

Successfully created and exported "SmartDev_ex4_SmartSensor" application.
