16:47:37 **** Build of configuration Debug for project TFT_ex3_APIs ****
"C:\\Users\\Bram\\ModusToolbox\\tools_3.6\\modus-shell\\bin\\make" CY_MAKE_IDE=eclipse CY_IDE_TOOLS_DIR=C:/Users/Bram/ModusToolbox/tools_3.6 CY_IDE_BT_TOOLS_DIR= -j14 build_proj 
Tools Directory: C:/Users/Bram/ModusToolbox/tools_3.6
Searching installed tools in progress...
Searching installed tools complete
NOTE: Using 'C:/Users/Bram/ModusToolbox/tools_3.6/ninja/ninja.exe' from PATH.
Generating mtbninja data files...
Generating mtbninja data complete...
Toolchain validation: PASS
Initializing build: mtb-example-empty-app Debug APP_CY8CKIT-062-WIFI-BT GCC_ARM

Prebuild operations complete
# 0: Loading the application in directory 'C:/Embedded_AlleOefeningen_PSOC6/ModToolBox_AlleOefeningen/TFT_ex3_APIs'
# 0: Loading the ModusToolbox Technology Packs and Early Access Packs
# 0: Loading the tools information
ninja: no work to do.
==============================================================================
= Build complete =
==============================================================================

   ---------------------------------------------------- 
  | Section Name         |  Address      |  Size       | 
   ---------------------------------------------------- 
  | .cy_m0p_image        |  0x10000000   |  6580       | 
  | .text                |  0x10002000   |  96064      | 
  | .ARM.exidx           |  0x10019740   |  8          | 
  | .copy.table          |  0x10019748   |  24         | 
  | .zero.table          |  0x10019760   |  8          | 
  | .data                |  0x0800228c   |  1228       | 
  | .cy_sharedmem        |  0x08002758   |  12         | 
  | .noinit              |  0x08002768   |  233        | 
  | .bss                 |  0x08002854   |  35752      | 
  | .heap                |  0x0800b400   |  242688     | 
   ---------------------------------------------------- 

  Total Internal Flash (Available)          1048576    
  Total Internal Flash (Utilized)           105544     


16:47:44 Build Finished. 0 errors, 0 warnings. (took 6s.897ms)

